This file contains any messages produced by compilers while
running configure, to aid debugging if configure makes a mistake.

It was created by configure, which was
generated by GNU Autoconf 2.69.  Invocation command line was

  $ ./configure 

## --------- ##
## Platform. ##
## --------- ##

hostname = ducs-PC
uname -m = x86_64
uname -r = 4.9.0-deepin4-amd64
uname -s = Linux
uname -v = #1 SMP PREEMPT Deepin 4.9.8-4 (2017-04-17)

/usr/bin/uname -p = unknown
/bin/uname -X     = unknown

/bin/arch              = unknown
/usr/bin/arch -k       = unknown
/usr/convex/getsysinfo = unknown
/usr/bin/hostinfo      = unknown
/bin/machine           = unknown
/usr/bin/oslevel       = unknown
/bin/universe          = unknown

PATH: /usr/local/bin
PATH: /usr/bin
PATH: /bin
PATH: /usr/local/games
PATH: /usr/games


## ----------- ##
## Core tests. ##
## ----------- ##

configure:2229: checking for grep that handles long lines and -e
configure:2287: result: /bin/grep
configure:2292: checking for egrep
configure:2354: result: /bin/grep -E
configure:2359: checking for a sed that does not truncate output
configure:2423: result: /bin/sed
configure:2557: checking for cc
configure:2573: found /usr/bin/cc
configure:2584: result: cc
configure:2615: checking for C compiler version
configure:2624: cc --version >&5
cc (Debian 6.2.0-11) 6.2.0 20161103
Copyright (C) 2016 Free Software Foundation, Inc.
This is free software; see the source for copying conditions.  There is NO
warranty; not even for MERCHANTABILITY or FITNESS FOR A PARTICULAR PURPOSE.

configure:2635: $? = 0
configure:2624: cc -v >&5
Using built-in specs.
COLLECT_GCC=cc
COLLECT_LTO_WRAPPER=/usr/lib/gcc/x86_64-linux-gnu/6/lto-wrapper
Target: x86_64-linux-gnu
Configured with: ../src/configure -v --with-pkgversion='Debian 6.2.0-11' --with-bugurl=file:///usr/share/doc/gcc-6/README.Bugs --enable-languages=c,ada,c++,java,go,d,fortran,objc,obj-c++ --prefix=/usr --program-suffix=-6 --program-prefix=x86_64-linux-gnu- --enable-shared --enable-linker-build-id --libexecdir=/usr/lib --without-included-gettext --enable-threads=posix --libdir=/usr/lib --enable-nls --with-sysroot=/ --enable-clocale=gnu --enable-libstdcxx-debug --enable-libstdcxx-time=yes --with-default-libstdcxx-abi=new --enable-gnu-unique-object --disable-vtable-verify --enable-libmpx --enable-plugin --enable-default-pie --with-system-zlib --disable-browser-plugin --enable-java-awt=gtk --enable-gtk-cairo --with-java-home=/usr/lib/jvm/java-1.5.0-gcj-6-amd64/jre --enable-java-home --with-jvm-root-dir=/usr/lib/jvm/java-1.5.0-gcj-6-amd64 --with-jvm-jar-dir=/usr/lib/jvm-exports/java-1.5.0-gcj-6-amd64 --with-arch-directory=amd64 --with-ecj-jar=/usr/share/java/eclipse-ecj.jar --enable-objc-gc --enable-multiarch --with-arch-32=i686 --with-abi=m64 --with-multilib-list=m32,m64,mx32 --enable-multilib --with-tune=generic --enable-checking=release --build=x86_64-linux-gnu --host=x86_64-linux-gnu --target=x86_64-linux-gnu
Thread model: posix
gcc version 6.2.0 20161103 (Debian 6.2.0-11) 
configure:2635: $? = 0
configure:2624: cc -V >&5
cc: error: unrecognized command line option '-V'
cc: fatal error: no input files
compilation terminated.
configure:2635: $? = 1
configure:2624: cc -qversion >&5
cc: error: unrecognized command line option '-qversion'; did you mean '--version'?
cc: fatal error: no input files
compilation terminated.
configure:2635: $? = 1
configure:2655: checking whether the C compiler works
configure:2677: cc    conftest.c  >&5
configure:2681: $? = 0
configure:2729: result: yes
configure:2732: checking for C compiler default output file name
configure:2734: result: a.out
configure:2740: checking for suffix of executables
configure:2747: cc -o conftest    conftest.c  >&5
configure:2751: $? = 0
configure:2773: result: 
configure:2795: checking whether we are cross compiling
configure:2803: cc -o conftest    conftest.c  >&5
configure:2807: $? = 0
configure:2814: ./conftest
configure:2818: $? = 0
configure:2833: result: no
configure:2838: checking for suffix of object files
configure:2860: cc -c   conftest.c >&5
configure:2864: $? = 0
configure:2885: result: o
configure:2889: checking whether we are using the GNU C compiler
configure:2908: cc -c   conftest.c >&5
configure:2908: $? = 0
configure:2917: result: yes
configure:2926: checking whether cc accepts -g
configure:2946: cc -c -g  conftest.c >&5
configure:2946: $? = 0
configure:2987: result: yes
configure:3004: checking for cc option to accept ISO C89
configure:3067: cc  -c -g -O2  conftest.c >&5
configure:3067: $? = 0
configure:3080: result: none needed
configure:3106: checking how to run the C preprocessor
configure:3137: cc -E  conftest.c
configure:3137: $? = 0
configure:3151: cc -E  conftest.c
conftest.c:9:28: fatal error: ac_nonexistent.h: No such file or directory
 #include <ac_nonexistent.h>
                            ^
compilation terminated.
configure:3151: $? = 1
configure: failed program was:
| /* confdefs.h */
| #define PACKAGE_NAME ""
| #define PACKAGE_TARNAME ""
| #define PACKAGE_VERSION ""
| #define PACKAGE_STRING ""
| #define PACKAGE_BUGREPORT ""
| #define PACKAGE_URL ""
| /* end confdefs.h.  */
| #include <ac_nonexistent.h>
configure:3176: result: cc -E
configure:3196: cc -E  conftest.c
configure:3196: $? = 0
configure:3210: cc -E  conftest.c
conftest.c:9:28: fatal error: ac_nonexistent.h: No such file or directory
 #include <ac_nonexistent.h>
                            ^
compilation terminated.
configure:3210: $? = 1
configure: failed program was:
| /* confdefs.h */
| #define PACKAGE_NAME ""
| #define PACKAGE_TARNAME ""
| #define PACKAGE_VERSION ""
| #define PACKAGE_STRING ""
| #define PACKAGE_BUGREPORT ""
| #define PACKAGE_URL ""
| /* end confdefs.h.  */
| #include <ac_nonexistent.h>
configure:3241: checking for icc
configure:3250: result: no
configure:3264: checking for suncc
configure:3273: result: no
configure:3291: checking whether cc understands -c and -o together
configure:3319: cc -c conftest.c -o conftest2.o >&5
configure:3323: $? = 0
configure:3329: cc -c conftest.c -o conftest2.o >&5
configure:3333: $? = 0
configure:3388: result: yes
configure:3402: checking for system library directory
configure:3417: result: lib
configure:3424: checking if compiler supports -R
configure:3443: cc -o conftest -g -O2   conftest.c -R /usr/lib  >&5
cc: error: unrecognized command line option '-R'; did you mean '-R'?
configure:3443: $? = 1
configure: failed program was:
| /* confdefs.h */
| #define PACKAGE_NAME ""
| #define PACKAGE_TARNAME ""
| #define PACKAGE_VERSION ""
| #define PACKAGE_STRING ""
| #define PACKAGE_BUGREPORT ""
| #define PACKAGE_URL ""
| /* end confdefs.h.  */
| 
| int
| main ()
| {
| 
|   ;
|   return 0;
| }
configure:3453: result: no
configure:3458: checking if compiler supports -Wl,-rpath,
configure:3477: cc -o conftest -g -O2   conftest.c -Wl,-rpath,/usr/lib  >&5
configure:3477: $? = 0
configure:3487: result: yes
configure:3532: checking build system type
configure:3546: result: x86_64-pc-linux-gnu
configure:3566: checking host system type
configure:3579: result: x86_64-pc-linux-gnu
configure:3599: checking target system type
configure:3612: result: x86_64-pc-linux-gnu
configure:3715: checking for PHP prefix
configure:3717: result: /usr
configure:3719: checking for PHP includes
configure:3721: result: -I/usr/include/php5 -I/usr/include/php5/main -I/usr/include/php5/TSRM -I/usr/include/php5/Zend -I/usr/include/php5/ext -I/usr/include/php5/ext/date/lib
configure:3723: checking for PHP extension directory
configure:3725: result: /usr/lib/php5/20131226
configure:3727: checking for PHP installed headers prefix
configure:3729: result: /usr/include/php5
configure:3732: checking if debug is enabled
configure:3758: result: no
configure:3761: checking if zts is enabled
configure:3787: result: no
configure:3858: checking for re2c
configure:3888: result: no
configure:3913: WARNING: You will need re2c 0.13.4 or later if you want to regenerate PHP parsers.
configure:3927: checking for gawk
configure:3944: found /usr/bin/gawk
configure:3955: result: gawk
configure:3999: checking whether to enable the thrift_protocol extension
configure:4038: result: yes, shared
configure:4105: checking for g++
configure:4121: found /usr/bin/g++
configure:4132: result: g++
configure:4159: checking for C++ compiler version
configure:4168: g++ --version >&5
g++ (Debian 6.2.0-11) 6.2.0 20161103
Copyright (C) 2016 Free Software Foundation, Inc.
This is free software; see the source for copying conditions.  There is NO
warranty; not even for MERCHANTABILITY or FITNESS FOR A PARTICULAR PURPOSE.

configure:4179: $? = 0
configure:4168: g++ -v >&5
Using built-in specs.
COLLECT_GCC=g++
COLLECT_LTO_WRAPPER=/usr/lib/gcc/x86_64-linux-gnu/6/lto-wrapper
Target: x86_64-linux-gnu
Configured with: ../src/configure -v --with-pkgversion='Debian 6.2.0-11' --with-bugurl=file:///usr/share/doc/gcc-6/README.Bugs --enable-languages=c,ada,c++,java,go,d,fortran,objc,obj-c++ --prefix=/usr --program-suffix=-6 --program-prefix=x86_64-linux-gnu- --enable-shared --enable-linker-build-id --libexecdir=/usr/lib --without-included-gettext --enable-threads=posix --libdir=/usr/lib --enable-nls --with-sysroot=/ --enable-clocale=gnu --enable-libstdcxx-debug --enable-libstdcxx-time=yes --with-default-libstdcxx-abi=new --enable-gnu-unique-object --disable-vtable-verify --enable-libmpx --enable-plugin --enable-default-pie --with-system-zlib --disable-browser-plugin --enable-java-awt=gtk --enable-gtk-cairo --with-java-home=/usr/lib/jvm/java-1.5.0-gcj-6-amd64/jre --enable-java-home --with-jvm-root-dir=/usr/lib/jvm/java-1.5.0-gcj-6-amd64 --with-jvm-jar-dir=/usr/lib/jvm-exports/java-1.5.0-gcj-6-amd64 --with-arch-directory=amd64 --with-ecj-jar=/usr/share/java/eclipse-ecj.jar --enable-objc-gc --enable-multiarch --with-arch-32=i686 --with-abi=m64 --with-multilib-list=m32,m64,mx32 --enable-multilib --with-tune=generic --enable-checking=release --build=x86_64-linux-gnu --host=x86_64-linux-gnu --target=x86_64-linux-gnu
Thread model: posix
gcc version 6.2.0 20161103 (Debian 6.2.0-11) 
configure:4179: $? = 0
configure:4168: g++ -V >&5
g++: error: unrecognized command line option '-V'
g++: fatal error: no input files
compilation terminated.
configure:4179: $? = 1
configure:4168: g++ -qversion >&5
g++: error: unrecognized command line option '-qversion'; did you mean '--version'?
g++: fatal error: no input files
compilation terminated.
configure:4179: $? = 1
configure:4183: checking whether we are using the GNU C++ compiler
configure:4202: g++ -c   conftest.cpp >&5
configure:4202: $? = 0
configure:4211: result: yes
configure:4220: checking whether g++ accepts -g
configure:4240: g++ -c -g  conftest.cpp >&5
configure:4240: $? = 0
configure:4281: result: yes
configure:4309: checking how to run the C++ preprocessor
configure:4336: g++ -E  conftest.cpp
configure:4336: $? = 0
configure:4350: g++ -E  conftest.cpp
conftest.cpp:9:28: fatal error: ac_nonexistent.h: No such file or directory
 #include <ac_nonexistent.h>
                            ^
compilation terminated.
configure:4350: $? = 1
configure: failed program was:
| /* confdefs.h */
| #define PACKAGE_NAME ""
| #define PACKAGE_TARNAME ""
| #define PACKAGE_VERSION ""
| #define PACKAGE_STRING ""
| #define PACKAGE_BUGREPORT ""
| #define PACKAGE_URL ""
| /* end confdefs.h.  */
| #include <ac_nonexistent.h>
configure:4375: result: g++ -E
configure:4395: g++ -E  conftest.cpp
configure:4395: $? = 0
configure:4409: g++ -E  conftest.cpp
conftest.cpp:9:28: fatal error: ac_nonexistent.h: No such file or directory
 #include <ac_nonexistent.h>
                            ^
compilation terminated.
configure:4409: $? = 1
configure: failed program was:
| /* confdefs.h */
| #define PACKAGE_NAME ""
| #define PACKAGE_TARNAME ""
| #define PACKAGE_VERSION ""
| #define PACKAGE_STRING ""
| #define PACKAGE_BUGREPORT ""
| #define PACKAGE_URL ""
| /* end confdefs.h.  */
| #include <ac_nonexistent.h>
configure:4900: checking how to print strings
configure:4927: result: printf
configure:4948: checking for a sed that does not truncate output
configure:5012: result: /bin/sed
configure:5030: checking for fgrep
configure:5092: result: /bin/grep -F
configure:5127: checking for ld used by cc
configure:5194: result: /usr/bin/ld
configure:5201: checking if the linker (/usr/bin/ld) is GNU ld
configure:5216: result: yes
configure:5228: checking for BSD- or MS-compatible name lister (nm)
configure:5282: result: /usr/bin/nm -B
configure:5412: checking the name lister (/usr/bin/nm -B) interface
configure:5419: cc -c -g -O2  conftest.c >&5
configure:5422: /usr/bin/nm -B "conftest.o"
configure:5425: output
0000000000000000 B some_variable
configure:5432: result: BSD nm
configure:5435: checking whether ln -s works
configure:5439: result: yes
configure:5447: checking the maximum length of command line arguments
configure:5578: result: 1572864
configure:5626: checking how to convert x86_64-pc-linux-gnu file names to x86_64-pc-linux-gnu format
configure:5666: result: func_convert_file_noop
configure:5673: checking how to convert x86_64-pc-linux-gnu file names to toolchain format
configure:5693: result: func_convert_file_noop
configure:5700: checking for /usr/bin/ld option to reload object files
configure:5707: result: -r
configure:5781: checking for objdump
configure:5797: found /usr/bin/objdump
configure:5808: result: objdump
configure:5840: checking how to recognize dependent libraries
configure:6040: result: pass_all
configure:6125: checking for dlltool
configure:6155: result: no
configure:6185: checking how to associate runtime and link libraries
configure:6212: result: printf %s\n
configure:6272: checking for ar
configure:6288: found /usr/bin/ar
configure:6299: result: ar
configure:6336: checking for archiver @FILE support
configure:6353: cc -c -g -O2  conftest.c >&5
configure:6353: $? = 0
configure:6356: ar cru libconftest.a @conftest.lst >&5
ar: `u' modifier ignored since `D' is the default (see `U')
configure:6359: $? = 0
configure:6364: ar cru libconftest.a @conftest.lst >&5
ar: `u' modifier ignored since `D' is the default (see `U')
ar: conftest.o: No such file or directory
configure:6367: $? = 1
configure:6379: result: @
configure:6437: checking for strip
configure:6453: found /usr/bin/strip
configure:6464: result: strip
configure:6536: checking for ranlib
configure:6552: found /usr/bin/ranlib
configure:6563: result: ranlib
configure:6640: checking for gawk
configure:6667: result: gawk
configure:6707: checking command to parse /usr/bin/nm -B output from cc object
configure:6860: cc -c -g -O2  conftest.c >&5
configure:6863: $? = 0
configure:6867: /usr/bin/nm -B conftest.o \| sed -n -e 's/^.*[ ]\([ABCDGIRSTW][ABCDGIRSTW]*\)[ ][ ]*\([_A-Za-z][_A-Za-z0-9]*\)$/\1 \2 \2/p' | sed '/ __gnu_lto/d' \> conftest.nm
configure:6870: $? = 0
configure:6936: cc -o conftest -g -O2   conftest.c conftstm.o >&5
configure:6939: $? = 0
configure:6977: result: ok
configure:7024: checking for sysroot
configure:7054: result: no
configure:7061: checking for a working dd
configure:7099: result: /bin/dd
configure:7103: checking how to truncate binary pipes
configure:7118: result: /bin/dd bs=4096 count=1
configure:7254: cc -c -g -O2  conftest.c >&5
configure:7257: $? = 0
configure:7447: checking for mt
configure:7463: found /bin/mt
configure:7474: result: mt
configure:7497: checking if mt is a manifest tool
configure:7503: mt '-?'
configure:7511: result: no
configure:8183: checking for ANSI C header files
configure:8203: cc -c -g -O2  conftest.c >&5
configure:8203: $? = 0
configure:8276: cc -o conftest -g -O2   conftest.c -lstdc++  >&5
configure:8276: $? = 0
configure:8276: ./conftest
configure:8276: $? = 0
configure:8287: result: yes
configure:8300: checking for sys/types.h
configure:8300: cc -c -g -O2  conftest.c >&5
configure:8300: $? = 0
configure:8300: result: yes
configure:8300: checking for sys/stat.h
configure:8300: cc -c -g -O2  conftest.c >&5
configure:8300: $? = 0
configure:8300: result: yes
configure:8300: checking for stdlib.h
configure:8300: cc -c -g -O2  conftest.c >&5
configure:8300: $? = 0
configure:8300: result: yes
configure:8300: checking for string.h
configure:8300: cc -c -g -O2  conftest.c >&5
configure:8300: $? = 0
configure:8300: result: yes
configure:8300: checking for memory.h
configure:8300: cc -c -g -O2  conftest.c >&5
configure:8300: $? = 0
configure:8300: result: yes
configure:8300: checking for strings.h
configure:8300: cc -c -g -O2  conftest.c >&5
configure:8300: $? = 0
configure:8300: result: yes
configure:8300: checking for inttypes.h
configure:8300: cc -c -g -O2  conftest.c >&5
configure:8300: $? = 0
configure:8300: result: yes
configure:8300: checking for stdint.h
configure:8300: cc -c -g -O2  conftest.c >&5
configure:8300: $? = 0
configure:8300: result: yes
configure:8300: checking for unistd.h
configure:8300: cc -c -g -O2  conftest.c >&5
configure:8300: $? = 0
configure:8300: result: yes
configure:8314: checking for dlfcn.h
configure:8314: cc -c -g -O2  conftest.c >&5
configure:8314: $? = 0
configure:8314: result: yes
configure:8581: checking for objdir
configure:8596: result: .libs
configure:8860: checking if cc supports -fno-rtti -fno-exceptions
configure:8878: cc -c -g -O2  -fno-rtti -fno-exceptions conftest.c >&5
cc1: warning: command line option '-fno-rtti' is valid for C++/ObjC++ but not for C
configure:8882: $? = 0
configure:8895: result: no
configure:9253: checking for cc option to produce PIC
configure:9260: result: -fPIC -DPIC
configure:9268: checking if cc PIC flag -fPIC -DPIC works
configure:9286: cc -c -g -O2  -fPIC -DPIC -DPIC conftest.c >&5
configure:9290: $? = 0
configure:9303: result: yes
configure:9332: checking if cc static flag -static works
configure:9360: result: yes
configure:9375: checking if cc supports -c -o file.o
configure:9396: cc -c -g -O2  -o out/conftest2.o conftest.c >&5
configure:9400: $? = 0
configure:9422: result: yes
configure:9430: checking if cc supports -c -o file.o
configure:9477: result: yes
configure:9510: checking whether the cc linker (/usr/bin/ld -m elf_x86_64) supports shared libraries
configure:10773: result: yes
configure:10810: checking whether -lc should be explicitly linked in
configure:10818: cc -c -g -O2  conftest.c >&5
configure:10821: $? = 0
configure:10836: cc -shared  -fPIC -DPIC conftest.o  -v -Wl,-soname -Wl,conftest -o conftest 2\>\&1 \| /bin/grep  -lc  \>/dev/null 2\>\&1
configure:10839: $? = 0
configure:10853: result: no
configure:11013: checking dynamic linker characteristics
configure:11594: cc -o conftest -g -O2   -Wl,-rpath -Wl,/foo conftest.c -lstdc++  >&5
configure:11594: $? = 0
configure:11843: result: GNU/Linux ld.so
configure:11965: checking how to hardcode library paths into programs
configure:11990: result: immediate
configure:12538: checking whether stripping libraries is possible
configure:12543: result: yes
configure:12578: checking if libtool supports shared libraries
configure:12580: result: yes
configure:12583: checking whether to build shared libraries
configure:12608: result: yes
configure:12611: checking whether to build static libraries
configure:12615: result: no
configure:12638: checking how to run the C++ preprocessor
configure:12704: result: g++ -E
configure:12724: g++ -E  conftest.cpp
configure:12724: $? = 0
configure:12738: g++ -E  conftest.cpp
conftest.cpp:22:28: fatal error: ac_nonexistent.h: No such file or directory
 #include <ac_nonexistent.h>
                            ^
compilation terminated.
configure:12738: $? = 1
configure: failed program was:
| /* confdefs.h */
| #define PACKAGE_NAME ""
| #define PACKAGE_TARNAME ""
| #define PACKAGE_VERSION ""
| #define PACKAGE_STRING ""
| #define PACKAGE_BUGREPORT ""
| #define PACKAGE_URL ""
| #define COMPILE_DL_THRIFT_PROTOCOL 1
| #define STDC_HEADERS 1
| #define HAVE_SYS_TYPES_H 1
| #define HAVE_SYS_STAT_H 1
| #define HAVE_STDLIB_H 1
| #define HAVE_STRING_H 1
| #define HAVE_MEMORY_H 1
| #define HAVE_STRINGS_H 1
| #define HAVE_INTTYPES_H 1
| #define HAVE_STDINT_H 1
| #define HAVE_UNISTD_H 1
| #define HAVE_DLFCN_H 1
| #define LT_OBJDIR ".libs/"
| /* end confdefs.h.  */
| #include <ac_nonexistent.h>
configure:12900: checking for ld used by g++
configure:12967: result: /usr/bin/ld -m elf_x86_64
configure:12974: checking if the linker (/usr/bin/ld -m elf_x86_64) is GNU ld
configure:12989: result: yes
configure:13044: checking whether the g++ linker (/usr/bin/ld -m elf_x86_64) supports shared libraries
configure:14117: result: yes
configure:14153: g++ -c -g -O2  conftest.cpp >&5
configure:14156: $? = 0
configure:14637: checking for g++ option to produce PIC
configure:14644: result: -fPIC -DPIC
configure:14652: checking if g++ PIC flag -fPIC -DPIC works
configure:14670: g++ -c -g -O2  -fPIC -DPIC -DPIC conftest.cpp >&5
configure:14674: $? = 0
configure:14687: result: yes
configure:14710: checking if g++ static flag -static works
configure:14738: result: yes
configure:14750: checking if g++ supports -c -o file.o
configure:14771: g++ -c -g -O2  -o out/conftest2.o conftest.cpp >&5
configure:14775: $? = 0
configure:14797: result: yes
configure:14802: checking if g++ supports -c -o file.o
configure:14849: result: yes
configure:14879: checking whether the g++ linker (/usr/bin/ld -m elf_x86_64) supports shared libraries
configure:14922: result: yes
configure:15063: checking dynamic linker characteristics
configure:15820: result: GNU/Linux ld.so
configure:15885: checking how to hardcode library paths into programs
configure:15910: result: immediate
configure:16210: creating ./config.status

## ---------------------- ##
## Running config.status. ##
## ---------------------- ##

This file was extended by config.status, which was
generated by GNU Autoconf 2.69.  Invocation command line was

  CONFIG_FILES    = 
  CONFIG_HEADERS  = 
  CONFIG_LINKS    = 
  CONFIG_COMMANDS = 
  $ ./config.status 

on ducs-PC

config.status:944: creating config.h
config.status:1048: executing libtool commands

## ---------------- ##
## Cache variables. ##
## ---------------- ##

ac_cv_build=x86_64-pc-linux-gnu
ac_cv_c_compiler_gnu=yes
ac_cv_cxx_compiler_gnu=yes
ac_cv_env_CCC_set=
ac_cv_env_CCC_value=
ac_cv_env_CC_set=
ac_cv_env_CC_value=
ac_cv_env_CFLAGS_set=
ac_cv_env_CFLAGS_value=
ac_cv_env_CPPFLAGS_set=
ac_cv_env_CPPFLAGS_value=
ac_cv_env_CPP_set=
ac_cv_env_CPP_value=
ac_cv_env_CXXCPP_set=
ac_cv_env_CXXCPP_value=
ac_cv_env_CXXFLAGS_set=
ac_cv_env_CXXFLAGS_value=
ac_cv_env_CXX_set=
ac_cv_env_CXX_value=
ac_cv_env_LDFLAGS_set=
ac_cv_env_LDFLAGS_value=
ac_cv_env_LIBS_set=
ac_cv_env_LIBS_value=
ac_cv_env_LT_SYS_LIBRARY_PATH_set=
ac_cv_env_LT_SYS_LIBRARY_PATH_value=
ac_cv_env_build_alias_set=
ac_cv_env_build_alias_value=
ac_cv_env_host_alias_set=
ac_cv_env_host_alias_value=
ac_cv_env_target_alias_set=
ac_cv_env_target_alias_value=
ac_cv_header_dlfcn_h=yes
ac_cv_header_inttypes_h=yes
ac_cv_header_memory_h=yes
ac_cv_header_stdc=yes
ac_cv_header_stdint_h=yes
ac_cv_header_stdlib_h=yes
ac_cv_header_string_h=yes
ac_cv_header_strings_h=yes
ac_cv_header_sys_stat_h=yes
ac_cv_header_sys_types_h=yes
ac_cv_header_unistd_h=yes
ac_cv_host=x86_64-pc-linux-gnu
ac_cv_objext=o
ac_cv_path_EGREP='/bin/grep -E'
ac_cv_path_FGREP='/bin/grep -F'
ac_cv_path_GREP=/bin/grep
ac_cv_path_SED=/bin/sed
ac_cv_path_lt_DD=/bin/dd
ac_cv_prog_AWK=gawk
ac_cv_prog_CPP='cc -E'
ac_cv_prog_CXXCPP='g++ -E'
ac_cv_prog_ac_ct_AR=ar
ac_cv_prog_ac_ct_CC=cc
ac_cv_prog_ac_ct_CXX=g++
ac_cv_prog_ac_ct_MANIFEST_TOOL=mt
ac_cv_prog_ac_ct_OBJDUMP=objdump
ac_cv_prog_ac_ct_RANLIB=ranlib
ac_cv_prog_ac_ct_STRIP=strip
ac_cv_prog_cc_c89=
ac_cv_prog_cc_cc_c_o=yes
ac_cv_prog_cc_g=yes
ac_cv_prog_cxx_g=yes
ac_cv_target=x86_64-pc-linux-gnu
lt_cv_ar_at_file=@
lt_cv_archive_cmds_need_lc=no
lt_cv_deplibs_check_method=pass_all
lt_cv_file_magic_cmd='$MAGIC_CMD'
lt_cv_file_magic_test_file=
lt_cv_ld_reload_flag=-r
lt_cv_nm_interface='BSD nm'
lt_cv_objdir=.libs
lt_cv_path_LD=/usr/bin/ld
lt_cv_path_LDCXX='/usr/bin/ld -m elf_x86_64'
lt_cv_path_NM='/usr/bin/nm -B'
lt_cv_path_mainfest_tool=no
lt_cv_prog_compiler_c_o=yes
lt_cv_prog_compiler_c_o_CXX=yes
lt_cv_prog_compiler_pic='-fPIC -DPIC'
lt_cv_prog_compiler_pic_CXX='-fPIC -DPIC'
lt_cv_prog_compiler_pic_works=yes
lt_cv_prog_compiler_pic_works_CXX=yes
lt_cv_prog_compiler_rtti_exceptions=no
lt_cv_prog_compiler_static_works=yes
lt_cv_prog_compiler_static_works_CXX=yes
lt_cv_prog_gnu_ld=yes
lt_cv_prog_gnu_ldcxx=yes
lt_cv_sharedlib_from_linklib_cmd='printf %s\n'
lt_cv_shlibpath_overrides_runpath=no
lt_cv_sys_global_symbol_pipe='sed -n -e '\''s/^.*[	 ]\([ABCDGIRSTW][ABCDGIRSTW]*\)[	 ][	 ]*\([_A-Za-z][_A-Za-z0-9]*\)$/\1 \2 \2/p'\'' | sed '\''/ __gnu_lto/d'\'''
lt_cv_sys_global_symbol_to_c_name_address='sed -n -e '\''s/^: \(.*\) .*$/  {"\1", (void *) 0},/p'\'' -e '\''s/^[ABCDGIRSTW][ABCDGIRSTW]* .* \(.*\)$/  {"\1", (void *) \&\1},/p'\'''
lt_cv_sys_global_symbol_to_c_name_address_lib_prefix='sed -n -e '\''s/^: \(.*\) .*$/  {"\1", (void *) 0},/p'\'' -e '\''s/^[ABCDGIRSTW][ABCDGIRSTW]* .* \(lib.*\)$/  {"\1", (void *) \&\1},/p'\'' -e '\''s/^[ABCDGIRSTW][ABCDGIRSTW]* .* \(.*\)$/  {"lib\1", (void *) \&\1},/p'\'''
lt_cv_sys_global_symbol_to_cdecl='sed -n -e '\''s/^T .* \(.*\)$/extern int \1();/p'\'' -e '\''s/^[ABCDGIRSTW][ABCDGIRSTW]* .* \(.*\)$/extern char \1;/p'\'''
lt_cv_sys_global_symbol_to_import=
lt_cv_sys_max_cmd_len=1572864
lt_cv_to_host_file_cmd=func_convert_file_noop
lt_cv_to_tool_file_cmd=func_convert_file_noop
lt_cv_truncate_bin='/bin/dd bs=4096 count=1'
php_cv_cc_dashr=no
php_cv_cc_rpath=yes

## ----------------- ##
## Output variables. ##
## ----------------- ##

AR='ar'
AWK='gawk'
CC='cc'
CFLAGS='-g -O2'
CONFIGURE_COMMAND=' '\''./configure'\'' '
CONFIGURE_OPTIONS=''
CPP='cc -E'
CPPFLAGS=' -DHAVE_CONFIG_H'
CXX='g++'
CXXCPP='g++ -E'
CXXFLAGS='-g -O2'
DEFS='-DHAVE_CONFIG_H'
DLLTOOL='false'
DSYMUTIL=''
DUMPBIN=''
ECHO_C=''
ECHO_N='-n'
ECHO_T=''
EGREP='/bin/grep -E'
EXEEXT=''
FGREP='/bin/grep -F'
GREP='/bin/grep'
LD='/usr/bin/ld -m elf_x86_64'
LDFLAGS=''
LIBOBJS=''
LIBS='-lstdc++ '
LIBTOOL='$(SHELL) $(top_builddir)/libtool'
LIPO=''
LN_S='ln -s'
LTLIBOBJS=''
LT_SYS_LIBRARY_PATH=''
MANIFEST_TOOL=':'
NM='/usr/bin/nm -B'
NMEDIT=''
OBJDUMP='objdump'
OBJEXT='o'
OTOOL64=''
OTOOL=''
PACKAGE_BUGREPORT=''
PACKAGE_NAME=''
PACKAGE_STRING=''
PACKAGE_TARNAME=''
PACKAGE_URL=''
PACKAGE_VERSION=''
PATH_SEPARATOR=':'
RANLIB='ranlib'
RE2C='exit 0;'
SED='/bin/sed'
SHELL='/bin/bash'
SHLIB_DL_SUFFIX_NAME='so'
SHLIB_SUFFIX_NAME='so'
STRIP='strip'
ac_ct_AR='ar'
ac_ct_CC='cc'
ac_ct_CXX='g++'
ac_ct_DUMPBIN=''
bindir='${exec_prefix}/bin'
build='x86_64-pc-linux-gnu'
build_alias=''
build_cpu='x86_64'
build_os='linux-gnu'
build_vendor='pc'
datadir='${datarootdir}'
datarootdir='${prefix}/share'
docdir='${datarootdir}/doc/${PACKAGE}'
dvidir='${docdir}'
exec_prefix='$(prefix)'
host='x86_64-pc-linux-gnu'
host_alias='x86_64-pc-linux-gnu'
host_cpu='x86_64'
host_os='linux-gnu'
host_vendor='pc'
htmldir='${docdir}'
includedir='${prefix}/include'
infodir='${datarootdir}/info'
libdir='${exec_prefix}/lib'
libexecdir='${exec_prefix}/libexec'
localedir='${datarootdir}/locale'
localstatedir='${prefix}/var'
mandir='${datarootdir}/man'
oldincludedir='/usr/include'
pdfdir='${docdir}'
prefix='/usr'
program_transform_name='s,x,x,'
psdir='${docdir}'
runstatedir='${localstatedir}/run'
sbindir='${exec_prefix}/sbin'
sharedstatedir='${prefix}/com'
sysconfdir='${prefix}/etc'
target='x86_64-pc-linux-gnu'
target_alias=''
target_cpu='x86_64'
target_os='linux-gnu'
target_vendor='pc'

## ----------- ##
## confdefs.h. ##
## ----------- ##

/* confdefs.h */
#define PACKAGE_NAME ""
#define PACKAGE_TARNAME ""
#define PACKAGE_VERSION ""
#define PACKAGE_STRING ""
#define PACKAGE_BUGREPORT ""
#define PACKAGE_URL ""
#define COMPILE_DL_THRIFT_PROTOCOL 1
#define STDC_HEADERS 1
#define HAVE_SYS_TYPES_H 1
#define HAVE_SYS_STAT_H 1
#define HAVE_STDLIB_H 1
#define HAVE_STRING_H 1
#define HAVE_MEMORY_H 1
#define HAVE_STRINGS_H 1
#define HAVE_INTTYPES_H 1
#define HAVE_STDINT_H 1
#define HAVE_UNISTD_H 1
#define HAVE_DLFCN_H 1
#define LT_OBJDIR ".libs/"

configure: exit 0
